 RANK      TEAM            COLLEGE
001		FruitSalad		Dhirubhai Ambani Institute of Information and Communication Technology, Gandhinagar
002		Triangulation		Indian Institute of Technology Roorkee
003		Shockers		Indian Institute of Technology Madras
004		BUET Rayo		Bangladesh University of Engineering and Technology
005		axiomOfChoice		Indian Institute of Technology Kharagpur
006		solah		Indian Institute of Technology Kanpur
007		Trivium		Birla Institute of Technology &amp; Science Pilani, Pilani Campus
008		CODOPEDIAC		Birla Institute of Technology Mesra
009		Whipslash		Netaji Subhas Institute of Technology, New Delhi
010		Divide&amp;amp;conquer		Indian Institute of Technology Delhi
011		godsent		Birla Institute of Technology &amp; Science Pilani, Hyderabad Campus
012		Dont_Believe		International Institute of Information Technology, Hyderabad
013		LethalCombination		Indian Institute of Information Technology, Allahabad
014		moonwalk		National Institute of Technology, Kurukshetra
015		Valiant		University School of Information Technology
016		Rainbow		Indian Institute of Technology, Hyderabad
017		teen_mojojojo		Motilal Nehru National Institute of Technology Allahabad
018		SRY		Delhi Technological University
019		SABOTEURS		National Institute of Technology Karnataka
020		NaamMeKyaRakha		Indian Institute of Technology Mandi
021		No Team Name Is Good		National Institute of Technology, Calicut
022		dealwithit		Jaypee Institute of Information Technology
023		n82696		Indian Institute of Technology, Varanasi
024		factors		National Institute of Technology Warangal
025		Fireworks		Indian School of Mines
026		Codeboyant		Institute of Engineering &amp; Management, Kolkata
027		SUST_ronO		Shahjalal University Of Science &amp; Technology
028		Epsilon		JK Institute of Applied Physics and Technology,University of Allahabad
029		Team X		Jamia Millia Islamia
030		JURASsic Coders		Jadavpur University
031		cyclictree		Indian Institute of Technology Ropar
032		leaveMeAlone		The LNM Institute of Information Technology, Jaipur
033		DcodeDragon		Dr. B. R. Ambedkar National Institute of Technology, Jalandhar
034		WorstTeamEver		Amrita School of Engineering, Coimbatore
035		Alliance		Indian Institute of Technology Guwahati
036		How you doing		International Institute of Information Technology, Bangalore
037		UnusualBanana		Maulana Azad National Institute of Technology, Bhopal
038		Dark Horse		Indian Institute of Information Technology, Kalyani
039		codeit		Visvesvaraya National Institute of Technology, Nagpur
040		Intuitions		Amrita School of Engineering, Amritapuri
041		Interstellars		Indian Institute of Engineering Science and Technology, Shibpur
042		FinalWalk		National Institute of Technology, Jamshedpur
043		Code Geass		Indian Institute of Technology Patna
044		nlogncoders		Indian Institute of Technology, Jodhpur
045		WTF		Maharaja Agrasen Institute Of Technology, Baddi, Himachal Pradesh
046		kgeccoders_11		Kalyani Government Engineering College
047		Zacker		Vellore Institute of Technology, Vellore
048		Core_Dump		National Institute of Technology Silchar
049		white_walkers		Harcourt Butler Technological Institute, Kanpur
050		ninjas_in_pyjamas		Birla Institute of Technology &amp; Science Pilani, Goa Campus
051		TRIPLESSS		Abes Engineering college, Ghaziabad
052		ManiACVKM		Indian Institute of Information Technology, Sri City
053		Neon Coders		Heritage Institute of Technology, Kolkata
054		Darkrai		Indian Institute of Technology Indore
055		dream_3eam		Pune Institute of Computer Technology
056		Loop_Infinity		Ajay Kumar Garg Engineering College, Ghaziabad
057		noobCoup		Indraprastha Institute of Information Technology, Delhi
058		Booleantrap		Dharmsinh Desai Institute of Technology
059		Spook		Govind Ballabh Pant Engineering College, New Delhi
060		rrs_nitd		National Institute of Technology, Durgapur
061		amritans		Amrita University
062		Nimbleminds		Rashtreeya Vidyalaya College of Engineering, Bangalore
063		Brainless		National Institute of Technology Patna
064		MegaMind		YMCA University of Science and Technology, Faridabad
065		codenitrr		National Institute of Technology Raipur
066		YadavSharmaThakur		Guru Tegh Bahadur Institute of Technology, New Delhi
067		FNF		Techno India Salt Lake
068		Blue_Caps		Kamla Nehru Institute of Technology, Sultanpur, India
069		Logic Monks		ABV - Indian Institute of Information Technology and Management Gwalior
070		3Seers		Lovely Professional University
071		Prometheus		Deenbandhu Chhotu Ram University of Science and Technology, Murthal
072		Byte Breakers		SASTRA University
073		FireFerrets		Dwarkadas Jivanlal Sanghvi College of Engineering, Vile Parle, Mumbai
074		O(1)		Shri Mata Vaishno Devi University
075		coded_minds		National Institute of Technology Meghalaya
076		bvpcoders		Bharati Vidyapeeth's College of Engineering, New Delhi
077		Dark Knight		Punjab Engineering College, Chandigarh
078		TooLazy		Jaypee University of Information Technology
079		CTAE CODERS		College of Technology &amp; Engineering, Udaipur
080		V_R_Stalwarts		University of Petroleum and Energy Studies, Dehradun
081		Aryans		MCKV Institute of Engineering, Liluah
082		Rule_34		Ashoka University, Sonepat
083		kodor		Indian Institute of Information Technology, Kota
084		SIGSEGV		Shri Govindram Seksaria Institute of Technology and Science
085		vertex_cover		Maharaja Surajmal Institute of Technology
086		TrieHard		VIT University, Chennai
087		We-are-NO-ONE		Indian Institute of Information Technology, Design and Manufacturing, Jabalpur
088		CodeHunters		Institute of Technology, Nirma University
089		White		Birla Institute of Technology, Patna
090		Cicada		Sardar Patel Institute Of Technology, Mumbai
091		Tarptaeya		Indian Institute of Technology Gandhinagar
092		devaot		Academy of Technology, West Bengal
093		MASK		Indira Gandhi Delhi Technical University for Women
094		Daksha		Jabalpur Engineering College, Jabalpur
095		Uchichas		University Institute of Engineering and Technology, Punjab University
096		vector_3d		Malaviya National Institute of Technology, Jaipur
097		YoungBits		Shri Ramswaroop Memorial College of Engineering and Management
098		table43		Manipal Institute of Technology, Manipal
099		geekss		Jawaharlal Nehru Technological University, Vizianagaram
100		OneLastTime		Chandubhai S Patel Institute of Technology, Gujarat
101		XORavars		School of Engineering and Applied Science, Ahmedabad University
102		source_code		C. V. Raman College of Engineering, Bhubaneswar
103		kuchBhiDalde		Institute of Engineering and Technology, Devi Ahilya Vishwavidyalaya
104		bytecoder		JSS Academy of Technical Education, Noida
105		COHAN		Banasthali University
106		knightcoders		Thapar University
107		GREEN BUILDERS		Sree Vidyanikethan Engineering College
108		wbut_zombies		Maulana Abul Kalam Azad University of Technology, West Bengal
109		Reserve		ACM ICPC 2016
110		CodeNinjas		National Institute of Science and Technology, Berhampur
111		HardCode		Jalpaiguri Government Engineering College
112		STAR		Institute of Engineering and Technology, Lucknow
113		batallion		Bipin Tripathi Kumaon Institute of Technology, Dwarahat
114		Reflexons		University of Calcutta
115		stubborn_coders		Institute of Engineering &amp; Technology, M.J.P. Rohilkhand University
116		ThinkTank		Vivekanand Education Society's Institute of Technology
117		Crypters		Jaipur Engineering College and Research Centre
118		TheAvengers		Veermata Jijabai Technological Institute, Mumbai
119		informaldehyde		Babu Banarasi Das National Institute of Technology and Management
120		sudoManiac		M. H. Saboo Siddik College of Engineering
121		Starks3		National Institute Of Technology, Delhi
122		sharp_right		University Visvesvaraya College of Engineering, Bangalore
123		Stoners		Jaypee University of Engineering and Technology, Guna
124		Code_Machine		Madhav Institute of Technology and Science, Gwalior
125		ancalagon		College of Engineering Roorkee
126		The Learning Storms		KC College of Engineering, Thane 
127		codewithpassion		School of Engineering, Cochin University of Science and Technology
128		Oculus		Univesity of Engineering and Management, Kolkata
129		TheGreatest		K. J. Somaiya College of Engineering Vidyanagar, Vidyavihar, Mumbai
130		udms		Dr. Babasaheb Ambedkar Marathwada University, Aurangabad
131		CodeMonsters		HMR Institute of Technology and Management , New Delhi
132		Abhiyukti		Govind Ballabh Pant Engineering College, Pauri Garhwal
133		BUET Omnitrix		Bangladesh University of Engineering and Technology
134		ExceptionsInThePipeline		Indian Institute of Technology Bombay
135		dragon_in_mybox		Netaji Subhas Institute of Technology, New Delhi
136		Hopeless		Indian Institute of Technology Kharagpur
137		Wildcard		Indian Institute of Technology Roorkee
138		WaTleAc		Birla Institute of Technology Mesra
139		aeCodeHaiMushkil		Indian Institute of Information Technology, Allahabad
140		Hacketh_Launde		Indian Institute of Technology, Varanasi
141		next_permutation		Delhi Technological University
142		Victorious Secret		Birla Institute of Technology &amp; Science Pilani, Hyderabad Campus
143		PaneerPakora		Indian Institute of Technology Kanpur
144		Turing_Machine		Motilal Nehru National Institute of Technology Allahabad
145		H+A+M		Jamia Millia Islamia
146		Humse_na_ho_paega		Indian Institute of Technology Mandi
147		NDTM		Indian Institute of Technology Guwahati
148		Trajectory		Indian Institute of Technology Madras
149		Hitchhikers		Jadavpur University
150		Mathturbation		International Institute of Information Technology, Hyderabad
151		sudo_get-AC		National Institute of Technology Karnataka
152		SUST_OnceMore		Shahjalal University Of Science &amp; Technology
153		Prologue		Birla Institute of Technology &amp; Science Pilani, Pilani Campus
154		serial_coders		Indian School of Mines
155		VAS		National Institute of Technology Silchar
156		Never_back_down		Jaypee Institute of Information Technology
157		maximus		Maharaja Agrasen Institute Of Technology, Baddi, Himachal Pradesh
158		ACMBreak		National Institute of Technology Warangal
159		TryToCode		Dhirubhai Ambani Institute of Information and Communication Technology, Gandhinagar
160		tourists		Indian Institute of Technology Indore
161		the_players		Indian Institute of Technology Ropar
162		decoders		Pune Institute of Computer Technology
163		break_d_walls		National Institute of Technology, Durgapur
164		nimxor		The LNM Institute of Information Technology, Jaipur
165		LiteCoders		Vellore Institute of Technology, Vellore
166		BigO		Amrita School of Engineering, Amritapuri
167		Jokers_vga		National Institute of Technology, Jamshedpur
168		FastAndFourier		Birla Institute of Technology &amp; Science Pilani, Goa Campus
169		hunter2		Indraprastha Institute of Information Technology, Delhi
170		knows_no_algo		National Institute of Technology Patna
171		tictactoe		Dwarkadas Jivanlal Sanghvi College of Engineering, Vile Parle, Mumbai
172		Demons		Guru Tegh Bahadur Institute of Technology, New Delhi
173		_bugpipers_		JK Institute of Applied Physics and Technology,University of Allahabad
174		Parivartan		National Institute of Technology Raipur
175		IIITMG4		ABV - Indian Institute of Information Technology and Management Gwalior
176		_42_		Indian Institute of Information Technology, Kota
177		dragonemperor		Shri Govindram Seksaria Institute of Technology and Science
178		RawCoders		National Institute of Technology, Kurukshetra
179		sab_tourist		Visvesvaraya National Institute of Technology, Nagpur
180		Byte_code		Heritage Institute of Technology, Kolkata
181		the_brogrammers		Indian Institute of Information Technology, Design and Manufacturing, Jabalpur
182		Logicals		Abes Engineering college, Ghaziabad
183		Inevitables		Institute of Engineering &amp; Management, Kolkata
184		CraftyCoders		Techno India Salt Lake
185		Monks		School of Engineering and Applied Science, Ahmedabad University
186		IllusionistMinions		Indira Gandhi Delhi Technical University for Women
187		Gunda_Raj		Institute of Engineering and Technology, Devi Ahilya Vishwavidyalaya
188		core_dumped		Indian Institute of Technology, Hyderabad
189		B0rn2C0de		Shri Mata Vaishno Devi University
190		Parenthesis		Institute of Engineering and Technology, Lucknow
191		Troy		Jaypee University of Information Technology
192		Anp		Dharmsinh Desai Institute of Technology
193		CodeSters		MCKV Institute of Engineering, Liluah
194		Reserve		ACM ICPC 2016
195		This_is_a_team		Ashoka University, Sonepat
196		Majjistic		Indian Institute of Information Technology, Sri City
197		AbstractClass		Academy of Technology, West Bengal
198		TECH K&amp;#039;NIGHTS		Sree Vidyanikethan Engineering College
199		Ryoka		Indian Institute of Engineering Science and Technology, Shibpur
200		QuesKillers		National Institute of Science and Technology, Berhampur
201		Serial Killer		Indian Institute of Information Technology, Kalyani
202		dvr_123		Indian Institute of Technology, Varanasi
203		COLDPLAY		Birla Institute of Technology Mesra
204		PenDrop		Netaji Subhas Institute of Technology, New Delhi
205		Thanda Masala		Jadavpur University
206		JAM		Indian Institute of Technology Guwahati
207		NullByte		National Institute of Technology Karnataka
208		Autobits		Motilal Nehru National Institute of Technology Allahabad
209		qwertyCo		Indian Institute of Technology Madras
210		Pilani_Pirates		Birla Institute of Technology &amp; Science Pilani, Pilani Campus
211		ProgBots		Indian Institute of Technology Roorkee
212		Horcrux		Indian School of Mines
213		Inficoders		Indian Institute of Technology Bombay
214		algomonks		National Institute of Technology Silchar
215		random_16		Indian Institute of Technology Kharagpur
216		binary_bandits		Jaypee Institute of Information Technology
217		HelloWorld		Jamia Millia Islamia
218		#include&amp;lt;PaneerParantha&amp;gt;		Indian Institute of Technology Mandi
219		Agile		Birla Institute of Technology &amp; Science Pilani, Hyderabad Campus
220		KRcoders		National Institute of Technology Warangal
221		CodeFlame		Maharaja Agrasen Institute Of Technology, Baddi, Himachal Pradesh
222		Need_For_SpeeD		National Institute of Technology, Durgapur
223		CodeBros		Dhirubhai Ambani Institute of Information and Communication Technology, Gandhinagar
224		amateurlogic		Indraprastha Institute of Information Technology, Delhi
225		Lucifer		Pune Institute of Computer Technology
226		WAKADA		ABV - Indian Institute of Information Technology and Management Gwalior
227		root		National Institute of Technology Raipur
228		Free Coders		National Institute of Technology Patna
229		CodeLimits		Dwarkadas Jivanlal Sanghvi College of Engineering, Vile Parle, Mumbai
230		Flash		Shri Govindram Seksaria Institute of Technology and Science
231		codefans		Visvesvaraya National Institute of Technology, Nagpur
232		NullPointerException		Vellore Institute of Technology, Vellore
233		bugbuster		Institute of Engineering and Technology, Devi Ahilya Vishwavidyalaya
234		flipbits		Guru Tegh Bahadur Institute of Technology, New Delhi
235		eXORNS		Abes Engineering college, Ghaziabad
236		TriBytes		Indira Gandhi Delhi Technical University for Women
237		Gunners		MCKV Institute of Engineering, Liluah
238		mof05		Delhi Technological University
239		Reserve		ACM ICPC 2016
240		DILLIGENT DAZZLERS		Sree Vidyanikethan Engineering College
241		Coders World		Institute of Engineering &amp; Management, Kolkata
242		404 name not found		School of Engineering and Applied Science, Ahmedabad University
243		CodeRippers		Techno India Salt Lake
244		Codebleed		Institute of Engineering and Technology, Lucknow
245		lost_code		Indian Institute of Technology, Varanasi
246		WNOTS		Birla Institute of Technology Mesra
247		Triple_S		Netaji Subhas Institute of Technology, New Delhi
248		skywalkers		Jadavpur University
249		bitcoder		Birla Institute of Technology &amp; Science Pilani, Pilani Campus
250		blessed		Indian School of Mines
251		tomatoes		National Institute of Technology Karnataka
252		Ubalti Aag		Birla Institute of Technology &amp; Science Pilani, Hyderabad Campus
253		Scardy		Indian Institute of Technology Guwahati
254		Undefined		Indian Institute of Technology Bombay
255		BeachPlease		Indian Institute of Technology Mandi
256		BIT_11		National Institute of Technology Silchar
257		GameOfCodes		Jaypee Institute of Information Technology
258		DarkHorse		Indian Institute of Technology Madras
259		CODE RUNNERS		Maharaja Agrasen Institute Of Technology, Baddi, Himachal Pradesh
260		11Musketeers		Indian Institute of Technology Kharagpur
261		primes		National Institute of Technology Warangal
262		platformgoals		ABV - Indian Institute of Information Technology and Management Gwalior
263		bytecodedgp		National Institute of Technology, Durgapur
264		compleXity		Jamia Millia Islamia
265		MST		Indraprastha Institute of Information Technology, Delhi
266		2B||!2B		Guru Tegh Bahadur Institute of Technology, New Delhi
267		DjsCodeStar		Dwarkadas Jivanlal Sanghvi College of Engineering, Vile Parle, Mumbai
268		ACE		Institute of Engineering and Technology, Devi Ahilya Vishwavidyalaya
269		Reserve		ACM ICPC 2016
270		WE MAKE IT SIMPLE		Sree Vidyanikethan Engineering College
271		random variabl		National Institute of Technology Raipur
272		Codediva		Indira Gandhi Delhi Technical University for Women
273		iota_decoded		Indian Institute of Technology, Varanasi
274		RESTLESS FINGERS		Netaji Subhas Institute of Technology, New Delhi
275		deadLocked		Jadavpur University
276		Heisenbug		Birla Institute of Technology &amp; Science Pilani, Pilani Campus
277		Bombe		Indian School of Mines
278		2b|!2b		Birla Institute of Technology &amp; Science Pilani, Hyderabad Campus
279		coding_gods		Indian Institute of Technology Mandi
280		DirtRiders		National Institute of Technology Silchar
281		juice_bar		Indian Institute of Technology Kharagpur
282		reverse _cigol		National Institute of Technology Karnataka
283		Logicbreakers		Jaypee Institute of Information Technology
284		NOVICE		ABV - Indian Institute of Information Technology and Management Gwalior
285		Psuedo Coders		National Institute of Technology Warangal
286		CNinjas		Maharaja Agrasen Institute Of Technology, Baddi, Himachal Pradesh
287		Free Authority		Jamia Millia Islamia
288		Master coders		Indian Institute of Technology Madras
289		TheShowStealers		Institute of Engineering and Technology, Devi Ahilya Vishwavidyalaya
290		Reserve		ACM ICPC 2016
291		tech masters		Guru Tegh Bahadur Institute of Technology, New Delhi
292		INDIAN CODE		Sree Vidyanikethan Engineering College
293		us_ac_pg		Indian Institute of Technology, Varanasi
294		Backlash		Netaji Subhas Institute of Technology, New Delhi
295		JU-cscoders		Jadavpur University
296		We are desperate		Birla Institute of Technology &amp; Science Pilani, Hyderabad Campus
297		Escape_Sequence		Indian Institute of Technology Mandi
298		Incognito		Indian Institute of Technology Kharagpur
299		born2win		Maharaja Agrasen Institute Of Technology, Baddi, Himachal Pradesh
300		code_halwai		Institute of Engineering and Technology, Devi Ahilya Vishwavidyalaya
301		Zeal Lakshya		Birla Institute of Technology &amp; Science Pilani, Pilani Campus
302		Reserve		ACM ICPC 2016
303		Triangle		Indian Institute of Technology, Varanasi
304		THE 3 HORSEMEN		Netaji Subhas Institute of Technology, New Delhi
305		JU-Green_Lines		Jadavpur University
306		Bhand Pujari		Birla Institute of Technology &amp; Science Pilani, Hyderabad Campus
307		AndiMandiShandi		Indian Institute of Technology Mandi
308		Decoderz		Maharaja Agrasen Institute Of Technology, Baddi, Himachal Pradesh
309		Global_Variables		Birla Institute of Technology &amp; Science Pilani, Pilani Campus
310		Reserve		ACM ICPC 2016
311		one_byte		Indian Institute of Technology, Varanasi
312		null_pointer		Netaji Subhas Institute of Technology, New Delhi
313		JUcoders1		Jadavpur University
314		let&amp;#039;s try it out		Indian Institute of Technology Mandi
315		eagles above you		Birla Institute of Technology &amp; Science Pilani, Hyderabad Campus
316		Avengers		Maharaja Agrasen Institute Of Technology, Baddi, Himachal Pradesh
317		Reserve		ACM ICPC 2016
318		Evil_Geniuses		Indian Institute of Technology, Varanasi
319		R3Code		Netaji Subhas Institute of Technology, New Delhi
320		CharismaticDragons		Jadavpur University
321		Coding Falcons		Maharaja Agrasen Institute Of Technology, Baddi, Himachal Pradesh
322		Reserve		ACM ICPC 2016
323		SAM		Indian Institute of Technology, Varanasi
324		Spectre		Netaji Subhas Institute of Technology, New Delhi
325		Phaseshifters		Jadavpur University
326		coders@7		Netaji Subhas Institute of Technology, New Delhi
327		Noobies		Indian Institute of Technology, Varanasi
328		dugtrio		Netaji Subhas Institute of Technology, New Delhi
